{"/Users/didi/codeTest/test/src/mocha.js":{"path":"/Users/didi/codeTest/test/src/mocha.js","s":{"1":1,"2":1,"3":1,"4":1,"5":1,"6":1,"7":1,"8":1,"9":1,"10":1,"11":1,"12":1,"13":1,"14":1,"15":1,"16":1,"17":1},"b":{},"f":{},"fnMap":{},"statementMap":{"1":{"start":{"line":1,"column":0},"end":{"line":1,"column":44}},"2":{"start":{"line":2,"column":0},"end":{"line":2,"column":32}},"3":{"start":{"line":3,"column":0},"end":{"line":3,"column":51}},"4":{"start":{"line":5,"column":0},"end":{"line":32,"column":2}},"5":{"start":{"line":6,"column":2},"end":{"line":14,"column":4}},"6":{"start":{"line":7,"column":4},"end":{"line":9,"column":6}},"7":{"start":{"line":8,"column":6},"end":{"line":8,"column":26}},"8":{"start":{"line":10,"column":4},"end":{"line":12,"column":6}},"9":{"start":{"line":11,"column":6},"end":{"line":11,"column":27}},"10":{"start":{"line":15,"column":2},"end":{"line":23,"column":4}},"11":{"start":{"line":16,"column":4},"end":{"line":18,"column":6}},"12":{"start":{"line":17,"column":6},"end":{"line":17,"column":26}},"13":{"start":{"line":19,"column":4},"end":{"line":21,"column":6}},"14":{"start":{"line":20,"column":6},"end":{"line":20,"column":26}},"15":{"start":{"line":24,"column":2},"end":{"line":30,"column":4}},"16":{"start":{"line":25,"column":4},"end":{"line":27,"column":6}},"17":{"start":{"line":26,"column":6},"end":{"line":26,"column":26}}},"branchMap":{}},"/Users/didi/codeTest/test/src/test.js":{"path":"/Users/didi/codeTest/test/src/test.js","s":{"1":1,"2":5,"3":5,"4":0,"5":0,"6":0,"7":1,"8":0},"b":{},"f":{"1":0},"fnMap":{"1":{"name":"min","line":17,"loc":{"start":{"line":17,"column":0},"end":{"line":17,"column":17}}}},"statementMap":{"1":{"start":{"line":1,"column":0},"end":{"line":16,"column":1}},"2":{"start":{"line":3,"column":4},"end":{"line":5,"column":6}},"3":{"start":{"line":4,"column":6},"end":{"line":4,"column":24}},"4":{"start":{"line":8,"column":4},"end":{"line":10,"column":6}},"5":{"start":{"line":9,"column":6},"end":{"line":9,"column":24}},"6":{"start":{"line":13,"column":4},"end":{"line":13,"column":19}},"7":{"start":{"line":17,"column":0},"end":{"line":20,"column":1}},"8":{"start":{"line":18,"column":2},"end":{"line":18,"column":12}}},"branchMap":{}}}